<?xml version="1.0" encoding="UTF-8"?>
<!-- Generated by org.testng.reporters.JUnitXMLReporter -->
<testsuite ignored="0" hostname="Naveens-MacBook-Pro.local" failures="0" tests="7" name="chrome_test" time="81.375" errors="0" timestamp="2023-01-02T11:47:31 GST">
  <testcase classname="testCases.TC_001_AccountRegistrationTest" name="test_account_registration" time="2.131"/>
  <testcase classname="testCases.TC_002_AccountLoginTest" name="testAccountLogin" time="1.269"/>
  <testcase classname="testCases.TC_003_DataDrivenTest" name="testDataDriven" time="11.17"/>
  <testcase classname="testCases.TC_003_DataDrivenTest" name="testDataDriven" time="12.108"/>
  <testcase classname="testCases.TC_003_DataDrivenTest" name="testDataDriven" time="11.087"/>
  <testcase classname="testCases.TC_003_DataDrivenTest" name="testDataDriven" time="11.053"/>
  <testcase classname="testCases.TC_003_DataDrivenTest" name="testDataDriven" time="1.162"/>
</testsuite> <!-- chrome_test -->
